sslp_5_25_50
-121.6 -121.6 -121.6 0.147 0.161 0.161 18 18 18
sslp_5_25_100
-127.37 -127.37 -127.37 0.171 0.199 0.199 19 19 19
sslp_15_45_5
-262.4 -261.2 -262.4 0.851 1.164 2.08 53 56 56
sslp_15_45_10
-260.5 -260.5 -260.5 1.275 2.554 2.542 73 82 77
sslp_15_45_15
-253.6 -253.6 -253.6 3.606 4.416 5.353 91 94 96
sslp_10_50_50
-364.64 -364.64 -364.64 0.5 0.637 1.104 28 29 31
sslp_10_50_100
-354.19 -354.19 -354.19 1.613 1.862 1.889 50 51 51
sslp_10_50_500
-349.136 -349.136 -349.136 7.355 8.325 8.253 66 67 67
sslp_10_50_1000
-351.711 -351.711 -351.711 11.275 13.035 57.332 54 55 61
sslp_10_50_2000
-347.262 -347.262 -347.262 28.07 56.014 72.662 68 73 73


##### copied from shell (login node of peregrine)
